"Deploying ASA: allFieldASA":
    asset-index: 5
    confirmed-round: 5
    pool-error: ""
    txn:
        sig:
            - 103
            - 118
            - 181
            - 143
            - 123
            - 21
            - 122
            - 12
            - 164
            - 188
            - 101
            - 43
            - 254
            - 105
            - 188
            - 28
            - 201
            - 155
            - 83
            - 199
            - 141
            - 15
            - 214
            - 72
            - 163
            - 147
            - 171
            - 150
            - 14
            - 80
            - 211
            - 196
            - 6
            - 129
            - 74
            - 213
            - 159
            - 32
            - 39
            - 20
            - 175
            - 71
            - 99
            - 232
            - 141
            - 232
            - 229
            - 128
            - 76
            - 81
            - 71
            - 94
            - 125
            - 214
            - 175
            - 96
            - 145
            - 238
            - 160
            - 172
            - 61
            - 207
            - 138
            - 1
        txn:
            apar:
                am:
                    - 49
                    - 50
                    - 51
                    - 49
                    - 50
                    - 52
                    - 52
                    - 50
                    - 49
                    - 52
                    - 50
                    - 49
                    - 52
                    - 49
                    - 50
                    - 52
                    - 49
                    - 50
                    - 52
                    - 52
                    - 52
                    - 52
                    - 52
                    - 52
                    - 49
                    - 49
                    - 49
                    - 49
                    - 49
                    - 49
                    - 51
                    - 51
                an: allFieldASA
                au: url
                c:
                    - 181
                    - 176
                    - 219
                    - 238
                    - 106
                    - 134
                    - 42
                    - 72
                    - 146
                    - 178
                    - 183
                    - 161
                    - 7
                    - 238
                    - 87
                    - 145
                    - 92
                    - 34
                    - 110
                    - 74
                    - 164
                    - 136
                    - 138
                    - 167
                    - 248
                    - 1
                    - 168
                    - 242
                    - 0
                    - 77
                    - 71
                    - 104
                df: true
                f:
                    - 181
                    - 176
                    - 219
                    - 238
                    - 106
                    - 134
                    - 42
                    - 72
                    - 146
                    - 178
                    - 183
                    - 161
                    - 7
                    - 238
                    - 87
                    - 145
                    - 92
                    - 34
                    - 110
                    - 74
                    - 164
                    - 136
                    - 138
                    - 167
                    - 248
                    - 1
                    - 168
                    - 242
                    - 0
                    - 77
                    - 71
                    - 104
                m:
                    - 181
                    - 176
                    - 219
                    - 238
                    - 106
                    - 134
                    - 42
                    - 72
                    - 146
                    - 178
                    - 183
                    - 161
                    - 7
                    - 238
                    - 87
                    - 145
                    - 92
                    - 34
                    - 110
                    - 74
                    - 164
                    - 136
                    - 138
                    - 167
                    - 248
                    - 1
                    - 168
                    - 242
                    - 0
                    - 77
                    - 71
                    - 104
                r:
                    - 181
                    - 176
                    - 219
                    - 238
                    - 106
                    - 134
                    - 42
                    - 72
                    - 146
                    - 178
                    - 183
                    - 161
                    - 7
                    - 238
                    - 87
                    - 145
                    - 92
                    - 34
                    - 110
                    - 74
                    - 164
                    - 136
                    - 138
                    - 167
                    - 248
                    - 1
                    - 168
                    - 242
                    - 0
                    - 77
                    - 71
                    - 104
                t: 1
                un: unitName
            fee: 4330
            fv: 4
            gen: sandnet-v1
            gh:
                - 162
                - 56
                - 17
                - 220
                - 93
                - 187
                - 105
                - 81
                - 44
                - 180
                - 129
                - 217
                - 238
                - 115
                - 77
                - 104
                - 195
                - 142
                - 55
                - 206
                - 217
                - 92
                - 188
                - 226
                - 96
                - 66
                - 247
                - 242
                - 249
                - 186
                - 94
                - 17
            lv: 1004
            note:
                - 110
                - 111
                - 116
                - 101
                - 98
                - 54
                - 52
            snd:
                - 7
                - 170
                - 201
                - 143
                - 96
                - 106
                - 98
                - 214
                - 5
                - 221
                - 53
                - 67
                - 244
                - 177
                - 242
                - 130
                - 195
                - 75
                - 102
                - 139
                - 248
                - 81
                - 33
                - 44
                - 153
                - 2
                - 76
                - 6
                - 3
                - 21
                - 212
                - 167
            type: acfg
