"Deploying ASA: minimumASA":
    asset-index: 3
    confirmed-round: 3
    pool-error: ""
    txn:
        sig:
            - 133
            - 221
            - 136
            - 0
            - 133
            - 226
            - 235
            - 93
            - 111
            - 86
            - 55
            - 156
            - 113
            - 221
            - 111
            - 86
            - 255
            - 89
            - 175
            - 101
            - 71
            - 93
            - 187
            - 0
            - 159
            - 207
            - 169
            - 64
            - 21
            - 69
            - 43
            - 11
            - 188
            - 225
            - 190
            - 29
            - 36
            - 211
            - 153
            - 197
            - 138
            - 176
            - 208
            - 124
            - 163
            - 201
            - 73
            - 118
            - 76
            - 22
            - 157
            - 196
            - 237
            - 117
            - 118
            - 233
            - 84
            - 164
            - 125
            - 87
            - 134
            - 252
            - 137
            - 1
        txn:
            apar:
                an: minimumASA
                t: 1
                un: unitName
            fee: 228000
            fv: 2
            gen: sandnet-v1
            gh:
                - 162
                - 56
                - 17
                - 220
                - 93
                - 187
                - 105
                - 81
                - 44
                - 180
                - 129
                - 217
                - 238
                - 115
                - 77
                - 104
                - 195
                - 142
                - 55
                - 206
                - 217
                - 92
                - 188
                - 226
                - 96
                - 66
                - 247
                - 242
                - 249
                - 186
                - 94
                - 17
            lv: 1002
            snd:
                - 7
                - 170
                - 201
                - 143
                - 96
                - 106
                - 98
                - 214
                - 5
                - 221
                - 53
                - 67
                - 244
                - 177
                - 242
                - 130
                - 195
                - 75
                - 102
                - 139
                - 248
                - 81
                - 33
                - 44
                - 153
                - 2
                - 76
                - 6
                - 3
                - 21
                - 212
                - 167
            type: acfg
