"Deploying ASA: minimumASA1":
    asset-index: 4
    confirmed-round: 4
    pool-error: ""
    txn:
        sig:
            - 136
            - 128
            - 185
            - 79
            - 235
            - 105
            - 117
            - 84
            - 166
            - 152
            - 106
            - 125
            - 83
            - 105
            - 41
            - 22
            - 71
            - 149
            - 22
            - 168
            - 52
            - 62
            - 70
            - 188
            - 230
            - 55
            - 19
            - 25
            - 160
            - 94
            - 100
            - 101
            - 205
            - 23
            - 170
            - 110
            - 120
            - 35
            - 17
            - 128
            - 229
            - 144
            - 79
            - 70
            - 156
            - 206
            - 52
            - 105
            - 50
            - 93
            - 103
            - 86
            - 16
            - 63
            - 194
            - 50
            - 89
            - 95
            - 83
            - 213
            - 145
            - 222
            - 79
            - 3
        txn:
            apar:
                an: minimumASA1
                t: 1
                un: unitName
            fee: 2270
            fv: 3
            gen: sandnet-v1
            gh:
                - 162
                - 56
                - 17
                - 220
                - 93
                - 187
                - 105
                - 81
                - 44
                - 180
                - 129
                - 217
                - 238
                - 115
                - 77
                - 104
                - 195
                - 142
                - 55
                - 206
                - 217
                - 92
                - 188
                - 226
                - 96
                - 66
                - 247
                - 242
                - 249
                - 186
                - 94
                - 17
            lv: 1003
            snd:
                - 7
                - 170
                - 201
                - 143
                - 96
                - 106
                - 98
                - 214
                - 5
                - 221
                - 53
                - 67
                - 244
                - 177
                - 242
                - 130
                - 195
                - 75
                - 102
                - 139
                - 248
                - 81
                - 33
                - 44
                - 153
                - 2
                - 76
                - 6
                - 3
                - 21
                - 212
                - 167
            type: acfg
