"Funding Contract: II75XSDNKLRIZ2SNP3S6CAWI7CO2GNB4HSWFRUNL67UUIQ6PPZ3TOSG3BE\nLsig: fee-check.teal":
    confirmed-round: 6
    pool-error: ""
    txn:
        sig:
            - 206
            - 76
            - 22
            - 113
            - 139
            - 162
            - 47
            - 210
            - 96
            - 145
            - 166
            - 244
            - 121
            - 213
            - 92
            - 75
            - 241
            - 229
            - 180
            - 243
            - 179
            - 41
            - 13
            - 234
            - 194
            - 237
            - 134
            - 160
            - 205
            - 81
            - 65
            - 23
            - 93
            - 35
            - 176
            - 34
            - 132
            - 114
            - 153
            - 67
            - 133
            - 46
            - 63
            - 99
            - 195
            - 238
            - 46
            - 57
            - 240
            - 28
            - 29
            - 29
            - 54
            - 78
            - 10
            - 127
            - 20
            - 120
            - 155
            - 196
            - 13
            - 116
            - 80
            - 5
        txn:
            amt: 20000000
            fee: 239000
            fv: 5
            gen: sandnet-v1
            gh:
                - 162
                - 56
                - 17
                - 220
                - 93
                - 187
                - 105
                - 81
                - 44
                - 180
                - 129
                - 217
                - 238
                - 115
                - 77
                - 104
                - 195
                - 142
                - 55
                - 206
                - 217
                - 92
                - 188
                - 226
                - 96
                - 66
                - 247
                - 242
                - 249
                - 186
                - 94
                - 17
            lv: 1005
            rcv:
                - 66
                - 63
                - 219
                - 200
                - 109
                - 82
                - 226
                - 140
                - 234
                - 77
                - 126
                - 229
                - 225
                - 2
                - 200
                - 248
                - 157
                - 163
                - 52
                - 60
                - 60
                - 172
                - 88
                - 209
                - 171
                - 247
                - 233
                - 68
                - 67
                - 207
                - 126
                - 119
            snd:
                - 7
                - 170
                - 201
                - 143
                - 96
                - 106
                - 98
                - 214
                - 5
                - 221
                - 53
                - 67
                - 244
                - 177
                - 242
                - 130
                - 195
                - 75
                - 102
                - 139
                - 248
                - 81
                - 33
                - 44
                - 153
                - 2
                - 76
                - 6
                - 3
                - 21
                - 212
                - 167
            type: pay
