"Funding Contract: GN5VUIE4D7WCYFLZK5LPQCL4Z66Y2RIIVCUG3U7FK4W5TKQSLK2G7V6TGY\nLsig: escrow.py":
    confirmed-round: 7
    pool-error: ""
    txn:
        sig:
            - 146
            - 169
            - 78
            - 84
            - 41
            - 100
            - 125
            - 73
            - 21
            - 202
            - 91
            - 191
            - 113
            - 55
            - 105
            - 248
            - 226
            - 107
            - 66
            - 89
            - 94
            - 115
            - 41
            - 107
            - 155
            - 29
            - 235
            - 86
            - 77
            - 236
            - 185
            - 16
            - 66
            - 188
            - 66
            - 216
            - 78
            - 3
            - 228
            - 139
            - 108
            - 247
            - 194
            - 68
            - 135
            - 87
            - 212
            - 68
            - 184
            - 108
            - 201
            - 218
            - 161
            - 176
            - 73
            - 69
            - 23
            - 212
            - 14
            - 177
            - 99
            - 28
            - 49
            - 12
        txn:
            amt: 20000000
            fee: 239000
            fv: 6
            gen: sandnet-v1
            gh:
                - 162
                - 56
                - 17
                - 220
                - 93
                - 187
                - 105
                - 81
                - 44
                - 180
                - 129
                - 217
                - 238
                - 115
                - 77
                - 104
                - 195
                - 142
                - 55
                - 206
                - 217
                - 92
                - 188
                - 226
                - 96
                - 66
                - 247
                - 242
                - 249
                - 186
                - 94
                - 17
            lv: 1006
            rcv:
                - 51
                - 123
                - 90
                - 32
                - 156
                - 31
                - 236
                - 44
                - 21
                - 121
                - 87
                - 86
                - 248
                - 9
                - 124
                - 207
                - 189
                - 141
                - 69
                - 8
                - 168
                - 168
                - 109
                - 211
                - 229
                - 87
                - 45
                - 217
                - 170
                - 18
                - 90
                - 180
            snd:
                - 7
                - 170
                - 201
                - 143
                - 96
                - 106
                - 98
                - 214
                - 5
                - 221
                - 53
                - 67
                - 244
                - 177
                - 242
                - 130
                - 195
                - 75
                - 102
                - 139
                - 248
                - 81
                - 33
                - 44
                - 153
                - 2
                - 76
                - 6
                - 3
                - 21
                - 212
                - 167
            type: pay
