"Deploying ASA: E21":
    asset-index: 1
    confirmed-round: 1
    pool-error: ""
    txn:
        sig:
            - 188
            - 42
            - 29
            - 157
            - 150
            - 5
            - 192
            - 163
            - 219
            - 93
            - 51
            - 103
            - 191
            - 46
            - 208
            - 187
            - 41
            - 91
            - 26
            - 115
            - 3
            - 136
            - 4
            - 80
            - 239
            - 168
            - 241
            - 172
            - 98
            - 179
            - 244
            - 182
            - 231
            - 36
            - 140
            - 226
            - 250
            - 91
            - 136
            - 254
            - 115
            - 11
            - 117
            - 214
            - 203
            - 114
            - 205
            - 35
            - 244
            - 47
            - 231
            - 45
            - 90
            - 151
            - 192
            - 219
            - 21
            - 79
            - 125
            - 166
            - 171
            - 206
            - 249
            - 11
        txn:
            apar:
                an: E21
                t: 100000000000
                un: E21
            fee: 220000
            gen: sandnet-v1
            gh:
                - 162
                - 56
                - 17
                - 220
                - 93
                - 187
                - 105
                - 81
                - 44
                - 180
                - 129
                - 217
                - 238
                - 115
                - 77
                - 104
                - 195
                - 142
                - 55
                - 206
                - 217
                - 92
                - 188
                - 226
                - 96
                - 66
                - 247
                - 242
                - 249
                - 186
                - 94
                - 17
            lv: 1000
            snd:
                - 7
                - 170
                - 201
                - 143
                - 96
                - 106
                - 98
                - 214
                - 5
                - 221
                - 53
                - 67
                - 244
                - 177
                - 242
                - 130
                - 195
                - 75
                - 102
                - 139
                - 248
                - 81
                - 33
                - 44
                - 153
                - 2
                - 76
                - 6
                - 3
                - 21
                - 212
                - 167
            type: acfg
