"Signed transaction with txID: TB65RQV5VBJU76M7AJCVDBRNODTQHZSBIZCX6UGMXYT473UGU7CA\nCreated new app-id: 1":
    application-index: 1
    confirmed-round: 1
    pool-error: ""
    txn:
        sig:
            - 218
            - 255
            - 156
            - 216
            - 179
            - 160
            - 52
            - 209
            - 135
            - 254
            - 109
            - 77
            - 156
            - 26
            - 149
            - 199
            - 183
            - 15
            - 102
            - 197
            - 45
            - 113
            - 81
            - 163
            - 135
            - 31
            - 12
            - 211
            - 141
            - 27
            - 67
            - 159
            - 101
            - 249
            - 121
            - 118
            - 40
            - 127
            - 31
            - 50
            - 219
            - 160
            - 124
            - 66
            - 196
            - 23
            - 165
            - 150
            - 18
            - 7
            - 167
            - 25
            - 126
            - 68
            - 84
            - 2
            - 226
            - 21
            - 81
            - 104
            - 10
            - 87
            - 91
            - 12
        txn:
            apap:
                - 5
                - 32
                - 6
                - 1
                - 0
                - 4
                - 3
                - 5
                - 2
                - 38
                - 1
                - 15
                - 99
                - 114
                - 101
                - 97
                - 116
                - 101
                - 100
                - 95
                - 97
                - 115
                - 97
                - 95
                - 107
                - 101
                - 121
                - 49
                - 24
                - 35
                - 18
                - 64
                - 2
                - 163
                - 49
                - 25
                - 36
                - 18
                - 49
                - 25
                - 33
                - 4
                - 18
                - 17
                - 64
                - 2
                - 148
                - 49
                - 25
                - 33
                - 5
                - 18
                - 49
                - 25
                - 34
                - 18
                - 17
                - 64
                - 2
                - 133
                - 54
                - 26
                - 0
                - 128
                - 13
                - 111
                - 112
                - 116
                - 95
                - 105
                - 110
                - 95
                - 116
                - 111
                - 95
                - 97
                - 115
                - 97
                - 18
                - 64
                - 2
                - 92
                - 54
                - 26
                - 0
                - 128
                - 12
                - 116
                - 114
                - 97
                - 110
                - 115
                - 102
                - 101
                - 114
                - 95
                - 97
                - 115
                - 97
                - 18
                - 64
                - 2
                - 33
                - 54
                - 26
                - 0
                - 128
                - 30
                - 116
                - 114
                - 97
                - 110
                - 115
                - 102
                - 101
                - 114
                - 95
                - 97
                - 115
                - 97
                - 95
                - 119
                - 105
                - 116
                - 104
                - 95
                - 99
                - 108
                - 111
                - 115
                - 101
                - 95
                - 114
                - 101
                - 109
                - 95
                - 116
                - 111
                - 18
                - 64
                - 1
                - 226
                - 54
                - 26
                - 0
                - 128
                - 30
                - 97
                - 115
                - 97
                - 95
                - 99
                - 108
                - 97
                - 119
                - 98
                - 97
                - 99
                - 107
                - 95
                - 102
                - 114
                - 111
                - 109
                - 95
                - 116
                - 120
                - 110
                - 49
                - 95
                - 116
                - 111
                - 95
                - 116
                - 120
                - 110
                - 50
                - 18
                - 64
                - 1
                - 161
                - 54
                - 26
                - 0
                - 128
                - 10
                - 102
                - 114
                - 101
                - 101
                - 122
                - 101
                - 95
                - 97
                - 115
                - 97
                - 18
                - 64
                - 1
                - 121
                - 54
                - 26
                - 0
                - 128
                - 12
                - 117
                - 110
                - 102
                - 114
                - 101
                - 101
                - 122
                - 101
                - 95
                - 97
                - 115
                - 97
                - 18
                - 64
                - 1
                - 79
                - 54
                - 26
                - 0
                - 128
                - 10
                - 100
                - 101
                - 108
                - 101
                - 116
                - 101
                - 95
                - 97
                - 115
                - 97
                - 18
                - 64
                - 1
                - 48
                - 54
                - 26
                - 0
                - 128
                - 10
                - 109
                - 111
                - 100
                - 105
                - 102
                - 121
                - 95
                - 97
                - 115
                - 97
                - 18
                - 64
                - 0
                - 224
                - 54
                - 26
                - 0
                - 128
                - 10
                - 100
                - 101
                - 112
                - 108
                - 111
                - 121
                - 95
                - 97
                - 115
                - 97
                - 18
                - 64
                - 0
                - 124
                - 54
                - 26
                - 0
                - 128
                - 24
                - 100
                - 101
                - 112
                - 108
                - 111
                - 121
                - 95
                - 97
                - 115
                - 97
                - 95
                - 119
                - 105
                - 116
                - 104
                - 95
                - 97
                - 112
                - 112
                - 95
                - 97
                - 114
                - 103
                - 115
                - 18
                - 64
                - 0
                - 1
                - 0
                - 177
                - 37
                - 178
                - 16
                - 128
                - 4
                - 84
                - 69
                - 83
                - 84
                - 178
                - 37
                - 54
                - 26
                - 1
                - 178
                - 38
                - 34
                - 178
                - 34
                - 35
                - 178
                - 35
                - 128
                - 32
                - 49
                - 50
                - 51
                - 49
                - 50
                - 52
                - 52
                - 50
                - 49
                - 52
                - 50
                - 49
                - 52
                - 49
                - 50
                - 52
                - 49
                - 50
                - 52
                - 52
                - 52
                - 52
                - 52
                - 52
                - 49
                - 49
                - 49
                - 49
                - 49
                - 49
                - 51
                - 51
                - 178
                - 40
                - 34
                - 178
                - 36
                - 54
                - 26
                - 2
                - 178
                - 39
                - 50
                - 10
                - 178
                - 41
                - 50
                - 10
                - 178
                - 42
                - 50
                - 10
                - 178
                - 43
                - 50
                - 10
                - 178
                - 44
                - 179
                - 40
                - 180
                - 60
                - 103
                - 34
                - 67
                - 177
                - 128
                - 4
                - 103
                - 111
                - 108
                - 100
                - 178
                - 38
                - 128
                - 2
                - 111
                - 122
                - 178
                - 37
                - 129
                - 128
                - 173
                - 226
                - 4
                - 178
                - 34
                - 37
                - 178
                - 35
                - 128
                - 18
                - 104
                - 116
                - 116
                - 112
                - 115
                - 58
                - 47
                - 47
                - 103
                - 111
                - 108
                - 100
                - 46
                - 114
                - 117
                - 115
                - 104
                - 47
                - 178
                - 39
                - 128
                - 8
                - 109
                - 101
                - 105
                - 114
                - 110
                - 116
                - 101
                - 114
                - 178
                - 41
                - 50
                - 10
                - 178
                - 42
                - 50
                - 10
                - 178
                - 43
                - 50
                - 10
                - 178
                - 44
                - 37
                - 178
                - 16
                - 179
                - 40
                - 180
                - 60
                - 103
                - 34
                - 67
                - 177
                - 54
                - 48
                - 0
                - 178
                - 33
                - 54
                - 28
                - 1
                - 178
                - 41
                - 128
                - 32
                - 85
                - 186
                - 200
                - 137
                - 133
                - 226
                - 5
                - 27
                - 111
                - 68
                - 129
                - 78
                - 148
                - 194
                - 229
                - 243
                - 188
                - 52
                - 92
                - 227
                - 229
                - 35
                - 59
                - 188
                - 126
                - 239
                - 195
                - 232
                - 78
                - 0
                - 218
                - 237
                - 178
                - 42
                - 49
                - 0
                - 178
                - 43
                - 50
                - 10
                - 178
                - 44
                - 37
                - 178
                - 16
                - 179
                - 34
                - 67
                - 177
                - 37
                - 178
                - 16
                - 54
                - 48
                - 0
                - 178
                - 33
                - 179
                - 34
                - 67
                - 177
                - 33
                - 4
                - 178
                - 16
                - 54
                - 48
                - 0
                - 178
                - 45
                - 54
                - 28
                - 1
                - 178
                - 46
                - 35
                - 178
                - 47
                - 179
                - 34
                - 67
                - 177
                - 33
                - 4
                - 178
                - 16
                - 54
                - 48
                - 0
                - 178
                - 45
                - 54
                - 28
                - 1
                - 178
                - 46
                - 34
                - 178
                - 47
                - 179
                - 34
                - 67
                - 177
                - 36
                - 178
                - 16
                - 54
                - 48
                - 0
                - 178
                - 17
                - 54
                - 28
                - 1
                - 178
                - 19
                - 54
                - 28
                - 2
                - 178
                - 20
                - 33
                - 5
                - 178
                - 18
                - 179
                - 34
                - 67
                - 177
                - 36
                - 178
                - 16
                - 54
                - 48
                - 0
                - 178
                - 17
                - 49
                - 0
                - 178
                - 20
                - 35
                - 178
                - 18
                - 54
                - 28
                - 1
                - 178
                - 21
                - 179
                - 34
                - 67
                - 177
                - 36
                - 178
                - 16
                - 54
                - 48
                - 0
                - 178
                - 17
                - 49
                - 0
                - 178
                - 20
                - 34
                - 178
                - 18
                - 179
                - 177
                - 36
                - 178
                - 16
                - 54
                - 48
                - 0
                - 178
                - 17
                - 54
                - 28
                - 1
                - 178
                - 20
                - 33
                - 5
                - 178
                - 18
                - 179
                - 34
                - 67
                - 177
                - 36
                - 178
                - 16
                - 54
                - 48
                - 0
                - 178
                - 17
                - 50
                - 10
                - 178
                - 20
                - 35
                - 178
                - 18
                - 179
                - 34
                - 67
                - 34
                - 67
                - 35
                - 67
                - 34
                - 67
            apgs:
                nbs: 1
                nui: 1
            apls:
                nbs: 1
                nui: 1
            apsu:
                - 4
                - 129
                - 1
                - 67
            fee: 951000
            gen: sandnet-v1
            gh:
                - 162
                - 56
                - 17
                - 220
                - 93
                - 187
                - 105
                - 81
                - 44
                - 180
                - 129
                - 217
                - 238
                - 115
                - 77
                - 104
                - 195
                - 142
                - 55
                - 206
                - 217
                - 92
                - 188
                - 226
                - 96
                - 66
                - 247
                - 242
                - 249
                - 186
                - 94
                - 17
            lv: 1000
            snd:
                - 7
                - 170
                - 201
                - 143
                - 96
                - 106
                - 98
                - 214
                - 5
                - 221
                - 53
                - 67
                - 244
                - 177
                - 242
                - 130
                - 195
                - 75
                - 102
                - 139
                - 248
                - 81
                - 33
                - 44
                - 153
                - 2
                - 76
                - 6
                - 3
                - 21
                - 212
                - 167
            type: appl
