"Signed transaction with txID: A7QFZC5O6VYQKPD6QTF5BECBYG26XGXZDLQR6DUWNT4QEJJSLEUQ\nCreated new app-id: 8":
    application-index: 8
    confirmed-round: 8
    pool-error: ""
    txn:
        sig:
            - 191
            - 188
            - 126
            - 94
            - 109
            - 106
            - 196
            - 124
            - 167
            - 109
            - 229
            - 146
            - 218
            - 45
            - 226
            - 207
            - 85
            - 147
            - 36
            - 143
            - 79
            - 54
            - 232
            - 148
            - 160
            - 2
            - 116
            - 39
            - 107
            - 186
            - 9
            - 175
            - 73
            - 170
            - 30
            - 220
            - 211
            - 29
            - 67
            - 118
            - 190
            - 158
            - 115
            - 4
            - 68
            - 23
            - 175
            - 102
            - 130
            - 46
            - 72
            - 167
            - 168
            - 147
            - 249
            - 42
            - 85
            - 146
            - 240
            - 233
            - 88
            - 43
            - 104
            - 10
        txn:
            apap:
                - 5
                - 32
                - 6
                - 1
                - 0
                - 4
                - 3
                - 5
                - 2
                - 38
                - 1
                - 15
                - 99
                - 114
                - 101
                - 97
                - 116
                - 101
                - 100
                - 95
                - 97
                - 115
                - 97
                - 95
                - 107
                - 101
                - 121
                - 49
                - 24
                - 35
                - 18
                - 64
                - 2
                - 124
                - 49
                - 25
                - 36
                - 18
                - 49
                - 25
                - 33
                - 4
                - 18
                - 17
                - 64
                - 2
                - 109
                - 49
                - 25
                - 33
                - 5
                - 18
                - 49
                - 25
                - 34
                - 18
                - 17
                - 64
                - 2
                - 94
                - 54
                - 26
                - 0
                - 128
                - 13
                - 111
                - 112
                - 116
                - 95
                - 105
                - 110
                - 95
                - 116
                - 111
                - 95
                - 97
                - 115
                - 97
                - 18
                - 64
                - 2
                - 53
                - 54
                - 26
                - 0
                - 128
                - 12
                - 116
                - 114
                - 97
                - 110
                - 115
                - 102
                - 101
                - 114
                - 95
                - 97
                - 115
                - 97
                - 18
                - 64
                - 1
                - 250
                - 54
                - 26
                - 0
                - 128
                - 30
                - 116
                - 114
                - 97
                - 110
                - 115
                - 102
                - 101
                - 114
                - 95
                - 97
                - 115
                - 97
                - 95
                - 119
                - 105
                - 116
                - 104
                - 95
                - 99
                - 108
                - 111
                - 115
                - 101
                - 95
                - 114
                - 101
                - 109
                - 95
                - 116
                - 111
                - 18
                - 64
                - 1
                - 187
                - 54
                - 26
                - 0
                - 128
                - 30
                - 97
                - 115
                - 97
                - 95
                - 99
                - 108
                - 97
                - 119
                - 98
                - 97
                - 99
                - 107
                - 95
                - 102
                - 114
                - 111
                - 109
                - 95
                - 116
                - 120
                - 110
                - 49
                - 95
                - 116
                - 111
                - 95
                - 116
                - 120
                - 110
                - 50
                - 18
                - 64
                - 1
                - 122
                - 54
                - 26
                - 0
                - 128
                - 10
                - 102
                - 114
                - 101
                - 101
                - 122
                - 101
                - 95
                - 97
                - 115
                - 97
                - 18
                - 64
                - 1
                - 82
                - 54
                - 26
                - 0
                - 128
                - 12
                - 117
                - 110
                - 102
                - 114
                - 101
                - 101
                - 122
                - 101
                - 95
                - 97
                - 115
                - 97
                - 18
                - 64
                - 1
                - 40
                - 54
                - 26
                - 0
                - 128
                - 10
                - 100
                - 101
                - 108
                - 101
                - 116
                - 101
                - 95
                - 97
                - 115
                - 97
                - 18
                - 64
                - 1
                - 9
                - 54
                - 26
                - 0
                - 128
                - 10
                - 109
                - 111
                - 100
                - 105
                - 102
                - 121
                - 95
                - 97
                - 115
                - 97
                - 18
                - 64
                - 0
                - 216
                - 54
                - 26
                - 0
                - 128
                - 10
                - 100
                - 101
                - 112
                - 108
                - 111
                - 121
                - 95
                - 97
                - 115
                - 97
                - 18
                - 64
                - 0
                - 124
                - 54
                - 26
                - 0
                - 128
                - 24
                - 100
                - 101
                - 112
                - 108
                - 111
                - 121
                - 95
                - 97
                - 115
                - 97
                - 95
                - 119
                - 105
                - 116
                - 104
                - 95
                - 97
                - 112
                - 112
                - 95
                - 97
                - 114
                - 103
                - 115
                - 18
                - 64
                - 0
                - 1
                - 0
                - 177
                - 37
                - 178
                - 16
                - 128
                - 4
                - 84
                - 69
                - 83
                - 84
                - 178
                - 37
                - 54
                - 26
                - 1
                - 178
                - 38
                - 34
                - 178
                - 34
                - 35
                - 178
                - 35
                - 128
                - 32
                - 49
                - 50
                - 51
                - 49
                - 50
                - 52
                - 52
                - 50
                - 49
                - 52
                - 50
                - 49
                - 52
                - 49
                - 50
                - 52
                - 49
                - 50
                - 52
                - 52
                - 52
                - 52
                - 52
                - 52
                - 49
                - 49
                - 49
                - 49
                - 49
                - 49
                - 51
                - 51
                - 178
                - 40
                - 34
                - 178
                - 36
                - 54
                - 26
                - 2
                - 178
                - 39
                - 50
                - 10
                - 178
                - 41
                - 50
                - 10
                - 178
                - 42
                - 50
                - 10
                - 178
                - 43
                - 50
                - 10
                - 178
                - 44
                - 179
                - 40
                - 180
                - 60
                - 103
                - 34
                - 67
                - 177
                - 37
                - 178
                - 16
                - 128
                - 4
                - 103
                - 111
                - 108
                - 100
                - 178
                - 38
                - 128
                - 2
                - 111
                - 122
                - 178
                - 37
                - 129
                - 128
                - 173
                - 226
                - 4
                - 178
                - 34
                - 37
                - 178
                - 35
                - 128
                - 18
                - 104
                - 116
                - 116
                - 112
                - 115
                - 58
                - 47
                - 47
                - 103
                - 111
                - 108
                - 100
                - 46
                - 114
                - 117
                - 115
                - 104
                - 47
                - 178
                - 39
                - 50
                - 10
                - 178
                - 41
                - 50
                - 10
                - 178
                - 42
                - 50
                - 10
                - 178
                - 43
                - 50
                - 10
                - 178
                - 44
                - 179
                - 40
                - 180
                - 60
                - 103
                - 34
                - 67
                - 177
                - 37
                - 178
                - 16
                - 54
                - 48
                - 0
                - 178
                - 33
                - 54
                - 28
                - 1
                - 178
                - 41
                - 54
                - 28
                - 2
                - 178
                - 42
                - 49
                - 0
                - 178
                - 43
                - 50
                - 10
                - 178
                - 44
                - 179
                - 34
                - 67
                - 177
                - 37
                - 178
                - 16
                - 54
                - 48
                - 0
                - 178
                - 33
                - 179
                - 34
                - 67
                - 177
                - 33
                - 4
                - 178
                - 16
                - 54
                - 48
                - 0
                - 178
                - 45
                - 54
                - 28
                - 1
                - 178
                - 46
                - 35
                - 178
                - 47
                - 179
                - 34
                - 67
                - 177
                - 33
                - 4
                - 178
                - 16
                - 54
                - 48
                - 0
                - 178
                - 45
                - 54
                - 28
                - 1
                - 178
                - 46
                - 34
                - 178
                - 47
                - 179
                - 34
                - 67
                - 177
                - 36
                - 178
                - 16
                - 54
                - 48
                - 0
                - 178
                - 17
                - 54
                - 28
                - 1
                - 178
                - 19
                - 54
                - 28
                - 2
                - 178
                - 20
                - 33
                - 5
                - 178
                - 18
                - 179
                - 34
                - 67
                - 177
                - 36
                - 178
                - 16
                - 54
                - 48
                - 0
                - 178
                - 17
                - 49
                - 0
                - 178
                - 20
                - 35
                - 178
                - 18
                - 54
                - 28
                - 1
                - 178
                - 21
                - 179
                - 34
                - 67
                - 177
                - 36
                - 178
                - 16
                - 54
                - 48
                - 0
                - 178
                - 17
                - 49
                - 0
                - 178
                - 20
                - 34
                - 178
                - 18
                - 179
                - 177
                - 36
                - 178
                - 16
                - 54
                - 48
                - 0
                - 178
                - 17
                - 54
                - 28
                - 1
                - 178
                - 20
                - 33
                - 5
                - 178
                - 18
                - 179
                - 34
                - 67
                - 177
                - 36
                - 178
                - 16
                - 54
                - 48
                - 0
                - 178
                - 17
                - 50
                - 10
                - 178
                - 20
                - 35
                - 178
                - 18
                - 179
                - 34
                - 67
                - 34
                - 67
                - 35
                - 67
                - 34
                - 67
            apgs:
                nbs: 1
                nui: 1
            apls:
                nbs: 1
                nui: 1
            apsu:
                - 4
                - 129
                - 1
                - 67
            fee: 916000
            fv: 7
            gen: sandnet-v1
            gh:
                - 162
                - 56
                - 17
                - 220
                - 93
                - 187
                - 105
                - 81
                - 44
                - 180
                - 129
                - 217
                - 238
                - 115
                - 77
                - 104
                - 195
                - 142
                - 55
                - 206
                - 217
                - 92
                - 188
                - 226
                - 96
                - 66
                - 247
                - 242
                - 249
                - 186
                - 94
                - 17
            lv: 1007
            snd:
                - 7
                - 170
                - 201
                - 143
                - 96
                - 106
                - 98
                - 214
                - 5
                - 221
                - 53
                - 67
                - 244
                - 177
                - 242
                - 130
                - 195
                - 75
                - 102
                - 139
                - 248
                - 81
                - 33
                - 44
                - 153
                - 2
                - 76
                - 6
                - 3
                - 21
                - 212
                - 167
            type: appl
