"Deploying ASA: E21":
    asset-index: 3
    confirmed-round: 3
    pool-error: ""
    txn:
        sig:
            - 182
            - 135
            - 65
            - 209
            - 72
            - 197
            - 114
            - 53
            - 196
            - 58
            - 107
            - 194
            - 228
            - 226
            - 169
            - 161
            - 43
            - 116
            - 78
            - 225
            - 22
            - 105
            - 191
            - 143
            - 85
            - 107
            - 249
            - 184
            - 246
            - 152
            - 13
            - 204
            - 243
            - 50
            - 122
            - 216
            - 170
            - 146
            - 217
            - 110
            - 99
            - 1
            - 174
            - 143
            - 144
            - 77
            - 185
            - 187
            - 77
            - 104
            - 91
            - 74
            - 120
            - 59
            - 211
            - 155
            - 98
            - 38
            - 101
            - 77
            - 110
            - 212
            - 230
            - 1
        txn:
            apar:
                an: E21
                c:
                    - 176
                    - 165
                    - 233
                    - 213
                    - 233
                    - 136
                    - 100
                    - 8
                    - 157
                    - 109
                    - 214
                    - 245
                    - 229
                    - 198
                    - 157
                    - 14
                    - 42
                    - 156
                    - 209
                    - 72
                    - 213
                    - 83
                    - 221
                    - 136
                    - 22
                    - 86
                    - 48
                    - 113
                    - 147
                    - 157
                    - 238
                    - 76
                f:
                    - 176
                    - 165
                    - 233
                    - 213
                    - 233
                    - 136
                    - 100
                    - 8
                    - 157
                    - 109
                    - 214
                    - 245
                    - 229
                    - 198
                    - 157
                    - 14
                    - 42
                    - 156
                    - 209
                    - 72
                    - 213
                    - 83
                    - 221
                    - 136
                    - 22
                    - 86
                    - 48
                    - 113
                    - 147
                    - 157
                    - 238
                    - 76
                m:
                    - 176
                    - 165
                    - 233
                    - 213
                    - 233
                    - 136
                    - 100
                    - 8
                    - 157
                    - 109
                    - 214
                    - 245
                    - 229
                    - 198
                    - 157
                    - 14
                    - 42
                    - 156
                    - 209
                    - 72
                    - 213
                    - 83
                    - 221
                    - 136
                    - 22
                    - 86
                    - 48
                    - 113
                    - 147
                    - 157
                    - 238
                    - 76
                r:
                    - 176
                    - 165
                    - 233
                    - 213
                    - 233
                    - 136
                    - 100
                    - 8
                    - 157
                    - 109
                    - 214
                    - 245
                    - 229
                    - 198
                    - 157
                    - 14
                    - 42
                    - 156
                    - 209
                    - 72
                    - 213
                    - 83
                    - 221
                    - 136
                    - 22
                    - 86
                    - 48
                    - 113
                    - 147
                    - 157
                    - 238
                    - 76
                t: 10000000
                un: E21
            fee: 1000
            fv: 2
            gen: sandnet-v1
            gh:
                - 162
                - 56
                - 17
                - 220
                - 93
                - 187
                - 105
                - 81
                - 44
                - 180
                - 129
                - 217
                - 238
                - 115
                - 77
                - 104
                - 195
                - 142
                - 55
                - 206
                - 217
                - 92
                - 188
                - 226
                - 96
                - 66
                - 247
                - 242
                - 249
                - 186
                - 94
                - 17
            lv: 1002
            snd:
                - 7
                - 170
                - 201
                - 143
                - 96
                - 106
                - 98
                - 214
                - 5
                - 221
                - 53
                - 67
                - 244
                - 177
                - 242
                - 130
                - 195
                - 75
                - 102
                - 139
                - 248
                - 81
                - 33
                - 44
                - 153
                - 2
                - 76
                - 6
                - 3
                - 21
                - 212
                - 167
            type: acfg
