"Deploying ASA: E21":
    asset-index: 3
    confirmed-round: 3
    pool-error: ""
    txn:
        sig:
            - 185
            - 1
            - 47
            - 150
            - 203
            - 199
            - 67
            - 236
            - 220
            - 34
            - 73
            - 44
            - 225
            - 221
            - 90
            - 8
            - 251
            - 176
            - 188
            - 14
            - 161
            - 174
            - 186
            - 114
            - 25
            - 117
            - 253
            - 45
            - 144
            - 5
            - 144
            - 182
            - 127
            - 70
            - 221
            - 201
            - 37
            - 117
            - 49
            - 241
            - 15
            - 230
            - 166
            - 189
            - 170
            - 78
            - 19
            - 110
            - 172
            - 184
            - 216
            - 206
            - 157
            - 22
            - 251
            - 114
            - 62
            - 185
            - 153
            - 59
            - 29
            - 224
            - 254
            - 8
        txn:
            apar:
                an: E21
                m:
                    - 176
                    - 165
                    - 233
                    - 213
                    - 233
                    - 136
                    - 100
                    - 8
                    - 157
                    - 109
                    - 214
                    - 245
                    - 229
                    - 198
                    - 157
                    - 14
                    - 42
                    - 156
                    - 209
                    - 72
                    - 213
                    - 83
                    - 221
                    - 136
                    - 22
                    - 86
                    - 48
                    - 113
                    - 147
                    - 157
                    - 238
                    - 76
                t: 10000000
                un: E21
            fee: 1000
            fv: 2
            gen: sandnet-v1
            gh:
                - 162
                - 56
                - 17
                - 220
                - 93
                - 187
                - 105
                - 81
                - 44
                - 180
                - 129
                - 217
                - 238
                - 115
                - 77
                - 104
                - 195
                - 142
                - 55
                - 206
                - 217
                - 92
                - 188
                - 226
                - 96
                - 66
                - 247
                - 242
                - 249
                - 186
                - 94
                - 17
            lv: 1002
            snd:
                - 7
                - 170
                - 201
                - 143
                - 96
                - 106
                - 98
                - 214
                - 5
                - 221
                - 53
                - 67
                - 244
                - 177
                - 242
                - 130
                - 195
                - 75
                - 102
                - 139
                - 248
                - 81
                - 33
                - 44
                - 153
                - 2
                - 76
                - 6
                - 3
                - 21
                - 212
                - 167
            type: acfg
