"Deploying ASA: E21":
    asset-index: 3
    confirmed-round: 3
    pool-error: ""
    txn:
        sig:
            - 104
            - 241
            - 232
            - 69
            - 81
            - 159
            - 31
            - 214
            - 153
            - 109
            - 71
            - 80
            - 119
            - 224
            - 188
            - 163
            - 6
            - 17
            - 195
            - 147
            - 241
            - 69
            - 26
            - 97
            - 4
            - 24
            - 227
            - 227
            - 9
            - 181
            - 79
            - 31
            - 239
            - 200
            - 234
            - 17
            - 128
            - 20
            - 200
            - 231
            - 89
            - 116
            - 162
            - 246
            - 75
            - 186
            - 245
            - 52
            - 179
            - 9
            - 234
            - 45
            - 57
            - 211
            - 2
            - 31
            - 4
            - 110
            - 71
            - 150
            - 176
            - 9
            - 176
            - 1
        txn:
            apar:
                an: E21
                m:
                    - 176
                    - 165
                    - 233
                    - 213
                    - 233
                    - 136
                    - 100
                    - 8
                    - 157
                    - 109
                    - 214
                    - 245
                    - 229
                    - 198
                    - 157
                    - 14
                    - 42
                    - 156
                    - 209
                    - 72
                    - 213
                    - 83
                    - 221
                    - 136
                    - 22
                    - 86
                    - 48
                    - 113
                    - 147
                    - 157
                    - 238
                    - 76
                r:
                    - 7
                    - 170
                    - 201
                    - 143
                    - 96
                    - 106
                    - 98
                    - 214
                    - 5
                    - 221
                    - 53
                    - 67
                    - 244
                    - 177
                    - 242
                    - 130
                    - 195
                    - 75
                    - 102
                    - 139
                    - 248
                    - 81
                    - 33
                    - 44
                    - 153
                    - 2
                    - 76
                    - 6
                    - 3
                    - 21
                    - 212
                    - 167
                t: 10000000
                un: E21
            fee: 1000
            fv: 2
            gen: sandnet-v1
            gh:
                - 162
                - 56
                - 17
                - 220
                - 93
                - 187
                - 105
                - 81
                - 44
                - 180
                - 129
                - 217
                - 238
                - 115
                - 77
                - 104
                - 195
                - 142
                - 55
                - 206
                - 217
                - 92
                - 188
                - 226
                - 96
                - 66
                - 247
                - 242
                - 249
                - 186
                - 94
                - 17
            lv: 1002
            snd:
                - 7
                - 170
                - 201
                - 143
                - 96
                - 106
                - 98
                - 214
                - 5
                - 221
                - 53
                - 67
                - 244
                - 177
                - 242
                - 130
                - 195
                - 75
                - 102
                - 139
                - 248
                - 81
                - 33
                - 44
                - 153
                - 2
                - 76
                - 6
                - 3
                - 21
                - 212
                - 167
            type: acfg
